2024-06-27 13:46:35,347 ERROR Error fetching stock screener data: 'symbol'
2024-06-27 13:47:35,667 ERROR Error fetching stock screener data: 'symbol'
2024-06-27 13:48:35,942 ERROR Error fetching stock screener data: 'symbol'
2024-06-27 13:49:36,240 ERROR Error fetching stock screener data: 'symbol'
2024-06-27 13:50:36,553 ERROR Error fetching stock screener data: 'symbol'
2024-06-27 13:51:53,696 INFO Starting trading bot...
2024-06-27 13:51:53,981 INFO Fetching stock screener data...
2024-06-27 13:51:54,783 ERROR Error fetching stock screener data: 'symbol'
2024-06-27 13:52:54,876 INFO Fetching stock screener data...
2024-06-27 13:52:55,126 ERROR Error fetching stock screener data: 'symbol'
2024-06-27 13:55:39,094 INFO Starting trading bot...
2024-06-27 13:55:39,526 INFO Current open positions: 0
2024-06-27 13:55:39,574 INFO Fetching stock screener data...
2024-06-27 13:55:39,765 ERROR Error fetching stock screener data: 'symbol'
2024-06-27 13:58:59,899 INFO Starting trading bot...
2024-06-27 13:59:00,275 INFO Current open positions: 0
2024-06-27 13:59:00,279 INFO Fetching stock data...
2024-06-27 13:59:00,912 ERROR Error fetching stock screener data: 'REST' object has no attribute 'get_barset'
2024-06-27 14:00:31,142 INFO Starting trading bot...
2024-06-27 14:00:31,449 INFO Current open positions: 0
2024-06-27 14:00:31,459 INFO Fetching stock data...
2024-06-27 14:00:32,540 ERROR Error fetching stock screener data: Invalid format for parameter start: error parsing '2024-06-22 14:00:32.155653' as RFC3339 or 2006-01-02 time: parsing time "2024-06-22 14:00:32.155653": extra text: " 14:00:32.155653"
2024-06-27 14:01:32,697 INFO Current open positions: 0
2024-06-27 14:01:32,753 INFO Fetching stock data...
2024-06-27 14:01:33,539 ERROR Error fetching stock screener data: Invalid format for parameter start: error parsing '2024-06-22 14:01:33.452805' as RFC3339 or 2006-01-02 time: parsing time "2024-06-22 14:01:33.452805": extra text: " 14:01:33.452805"
2024-06-27 14:02:11,487 INFO Starting trading bot...
2024-06-27 14:02:11,854 INFO Current open positions: 0
2024-06-27 14:02:11,857 INFO Fetching stock data...
2024-06-27 14:02:14,120 ERROR Error fetching stock screener data: invalid timeframe: day
2024-06-27 14:04:58,033 INFO Starting trading bot...
2024-06-27 14:04:58,366 INFO Current open positions: 0
2024-06-27 14:04:58,371 INFO Fetching stock data...
2024-06-27 14:05:26,886 WARNING sleep 3 seconds and retrying https://data.alpaca.markets/v2/stocks/CCTS/bars 3 more time(s)...
2024-06-27 14:05:31,302 WARNING sleep 3 seconds and retrying https://data.alpaca.markets/v2/stocks/CEADW/bars 3 more time(s)...
2024-06-27 14:05:35,769 WARNING sleep 3 seconds and retrying https://data.alpaca.markets/v2/stocks/CERS/bars 3 more time(s)...
2024-06-27 14:05:40,201 WARNING sleep 3 seconds and retrying https://data.alpaca.markets/v2/stocks/CFFSW/bars 3 more time(s)...
2024-06-27 14:05:44,643 WARNING sleep 3 seconds and retrying https://data.alpaca.markets/v2/stocks/CHDN/bars 3 more time(s)...
2024-06-27 14:05:48,995 WARNING sleep 3 seconds and retrying https://data.alpaca.markets/v2/stocks/CHRS/bars 3 more time(s)...
2024-06-27 14:05:53,415 WARNING sleep 3 seconds and retrying https://data.alpaca.markets/v2/stocks/CINF/bars 3 more time(s)...
2024-06-27 14:05:57,989 WARNING sleep 3 seconds and retrying https://data.alpaca.markets/v2/stocks/ATAI/bars 3 more time(s)...
2024-06-27 14:06:02,413 WARNING sleep 3 seconds and retrying https://data.alpaca.markets/v2/stocks/CLOEU/bars 3 more time(s)...
2024-06-27 14:06:06,903 WARNING sleep 3 seconds and retrying https://data.alpaca.markets/v2/stocks/CLRC/bars 3 more time(s)...
2024-06-27 14:06:11,356 WARNING sleep 3 seconds and retrying https://data.alpaca.markets/v2/stocks/CMMB/bars 3 more time(s)...
2024-06-27 14:06:15,722 WARNING sleep 3 seconds and retrying https://data.alpaca.markets/v2/stocks/ASND/bars 3 more time(s)...
2024-06-27 14:06:20,135 WARNING sleep 3 seconds and retrying https://data.alpaca.markets/v2/stocks/COPJ/bars 3 more time(s)...
2024-06-27 14:06:25,054 WARNING sleep 3 seconds and retrying https://data.alpaca.markets/v2/stocks/CREVW/bars 3 more time(s)...
2024-06-27 14:06:29,466 WARNING sleep 3 seconds and retrying https://data.alpaca.markets/v2/stocks/CRNX/bars 3 more time(s)...
2024-06-27 14:06:33,917 WARNING sleep 3 seconds and retrying https://data.alpaca.markets/v2/stocks/ARTNA/bars 3 more time(s)...
2024-06-27 14:06:38,347 WARNING sleep 3 seconds and retrying https://data.alpaca.markets/v2/stocks/ARKR/bars 3 more time(s)...
2024-06-27 14:06:42,683 WARNING sleep 3 seconds and retrying https://data.alpaca.markets/v2/stocks/CTNM/bars 3 more time(s)...
2024-06-27 14:06:47,306 WARNING sleep 3 seconds and retrying https://data.alpaca.markets/v2/stocks/ARBE/bars 3 more time(s)...
2024-06-27 14:06:51,638 WARNING sleep 3 seconds and retrying https://data.alpaca.markets/v2/stocks/CVLG/bars 3 more time(s)...
2024-06-27 14:06:56,131 WARNING sleep 3 seconds and retrying https://data.alpaca.markets/v2/stocks/CVV/bars 3 more time(s)...
2024-06-27 14:07:00,594 WARNING sleep 3 seconds and retrying https://data.alpaca.markets/v2/stocks/APLD/bars 3 more time(s)...
2024-06-27 14:07:04,979 WARNING sleep 3 seconds and retrying https://data.alpaca.markets/v2/stocks/DAVE/bars 3 more time(s)...
2024-06-27 14:07:09,447 WARNING sleep 3 seconds and retrying https://data.alpaca.markets/v2/stocks/DENN/bars 3 more time(s)...
2024-06-27 14:07:13,912 WARNING sleep 3 seconds and retrying https://data.alpaca.markets/v2/stocks/AOGOW/bars 3 more time(s)...
2024-06-27 14:07:18,357 WARNING sleep 3 seconds and retrying https://data.alpaca.markets/v2/stocks/ANIX/bars 3 more time(s)...
2024-06-27 14:07:29,945 WARNING sleep 3 seconds and retrying https://data.alpaca.markets/v2/stocks/AMKR/bars 3 more time(s)...
2024-06-27 14:07:34,411 WARNING sleep 3 seconds and retrying https://data.alpaca.markets/v2/stocks/ALXO/bars 3 more time(s)...
2024-06-27 14:07:39,087 WARNING sleep 3 seconds and retrying https://data.alpaca.markets/v2/stocks/ALSA/bars 3 more time(s)...
2024-06-27 14:07:43,557 WARNING sleep 3 seconds and retrying https://data.alpaca.markets/v2/stocks/DSGN/bars 3 more time(s)...
2024-06-27 14:07:48,020 WARNING sleep 3 seconds and retrying https://data.alpaca.markets/v2/stocks/ALCO/bars 3 more time(s)...
2024-06-27 14:07:52,469 WARNING sleep 3 seconds and retrying https://data.alpaca.markets/v2/stocks/AKAM/bars 3 more time(s)...
2024-06-27 14:07:56,911 WARNING sleep 3 seconds and retrying https://data.alpaca.markets/v2/stocks/AISP/bars 3 more time(s)...
2024-06-27 14:08:01,268 WARNING sleep 3 seconds and retrying https://data.alpaca.markets/v2/stocks/AIRG/bars 3 more time(s)...
2024-06-27 14:08:05,703 WARNING sleep 3 seconds and retrying https://data.alpaca.markets/v2/stocks/AIMAW/bars 3 more time(s)...
2024-06-27 14:08:10,084 WARNING sleep 3 seconds and retrying https://data.alpaca.markets/v2/stocks/AGZD/bars 3 more time(s)...
2024-06-27 14:08:14,541 WARNING sleep 3 seconds and retrying https://data.alpaca.markets/v2/stocks/ELAB/bars 3 more time(s)...
2024-06-27 14:08:18,999 WARNING sleep 3 seconds and retrying https://data.alpaca.markets/v2/stocks/EMCGR/bars 3 more time(s)...
2024-06-27 14:08:23,465 WARNING sleep 3 seconds and retrying https://data.alpaca.markets/v2/stocks/ENLT/bars 3 more time(s)...
2024-06-27 14:08:27,933 WARNING sleep 3 seconds and retrying https://data.alpaca.markets/v2/stocks/AFJKU/bars 3 more time(s)...
2024-06-27 14:08:32,378 WARNING sleep 3 seconds and retrying https://data.alpaca.markets/v2/stocks/AERTW/bars 3 more time(s)...
2024-06-27 14:08:37,362 WARNING sleep 3 seconds and retrying https://data.alpaca.markets/v2/stocks/ESGE/bars 3 more time(s)...
2024-06-27 14:08:41,709 WARNING sleep 3 seconds and retrying https://data.alpaca.markets/v2/stocks/ADTN/bars 3 more time(s)...
2024-06-27 14:08:46,103 WARNING sleep 3 seconds and retrying https://data.alpaca.markets/v2/stocks/ADN/bars 3 more time(s)...
2024-06-27 14:08:50,791 WARNING sleep 3 seconds and retrying https://data.alpaca.markets/v2/stocks/ABIO/bars 3 more time(s)...
2024-06-27 14:08:55,213 WARNING sleep 3 seconds and retrying https://data.alpaca.markets/v2/stocks/ACLX/bars 3 more time(s)...
2024-06-27 14:08:59,793 WARNING sleep 3 seconds and retrying https://data.alpaca.markets/v2/stocks/ADEA/bars 3 more time(s)...
2024-06-27 14:09:04,182 WARNING sleep 3 seconds and retrying https://data.alpaca.markets/v2/stocks/EVGOW/bars 3 more time(s)...
2024-06-27 14:09:08,680 WARNING sleep 3 seconds and retrying https://data.alpaca.markets/v2/stocks/AGNCO/bars 3 more time(s)...
2024-06-27 14:09:13,118 WARNING sleep 3 seconds and retrying https://data.alpaca.markets/v2/stocks/AAPU/bars 3 more time(s)...
2024-06-27 14:09:17,484 WARNING sleep 3 seconds and retrying https://data.alpaca.markets/v2/stocks/EWJV/bars 3 more time(s)...
2024-06-27 14:09:21,912 WARNING sleep 3 seconds and retrying https://data.alpaca.markets/v2/stocks/AKYA/bars 3 more time(s)...
2024-06-27 14:09:26,426 WARNING sleep 3 seconds and retrying https://data.alpaca.markets/v2/stocks/AMLI/bars 3 more time(s)...
2024-06-27 14:09:31,002 WARNING sleep 3 seconds and retrying https://data.alpaca.markets/v2/stocks/EZGO/bars 3 more time(s)...
2024-06-27 14:09:35,419 WARNING sleep 3 seconds and retrying https://data.alpaca.markets/v2/stocks/ZLSWU/bars 3 more time(s)...
2024-06-27 14:09:39,889 WARNING sleep 3 seconds and retrying https://data.alpaca.markets/v2/stocks/ZLS/bars 3 more time(s)...
2024-06-27 14:09:44,316 WARNING sleep 3 seconds and retrying https://data.alpaca.markets/v2/stocks/ATMCU/bars 3 more time(s)...
2024-06-27 14:09:48,635 WARNING sleep 3 seconds and retrying https://data.alpaca.markets/v2/stocks/FCEF/bars 3 more time(s)...
2024-06-27 14:09:53,260 WARNING sleep 3 seconds and retrying https://data.alpaca.markets/v2/stocks/FEMS/bars 3 more time(s)...
2024-06-27 14:09:57,726 WARNING sleep 3 seconds and retrying https://data.alpaca.markets/v2/stocks/FGEN/bars 3 more time(s)...
2024-06-27 14:10:02,151 WARNING sleep 3 seconds and retrying https://data.alpaca.markets/v2/stocks/BCSA/bars 3 more time(s)...
2024-06-27 14:11:45,330 INFO Starting trading bot...
2024-06-27 14:11:45,715 INFO Current open positions: 0
2024-06-27 14:11:45,755 INFO Fetching stock data...
2024-06-27 14:12:13,598 WARNING sleep 3 seconds and retrying https://data.alpaca.markets/v2/stocks/CID/bars 3 more time(s)...
